<?xml version="1.0" encoding="UTF-8" ?>
<testsuite errors="0" failures="0" hostname="Mihai" name="it.unibas.scatolificio.modello.TestProva" skipped="0" tests="1" time="0.228" timestamp="2019-01-07T15:04:51">
  <properties>
[...]
</properties>
  <testcase classname="it.unibas.scatolificio.modello.TestProva" name="testScatolificio" time="0.028" />
  <system-out><![CDATA[C+foratura+-dorato##@
1.2
scatola di cartone foratura di colore dorato punteggiatura striatura e firma a mano 
]]></system-out>
  <system-err><![CDATA[]]></system-err>
</testsuite>
