<?xml version="1.0" encoding="UTF-8" ?>
<testsuite errors="0" failures="0" hostname="Mihai" name="it.unibas.progetto.modello.TestProva" skipped="0" tests="1" time="0.359" timestamp="2019-04-18T11:55:47">
  <properties>
[...]
</properties>
  <testcase classname="it.unibas.progetto.modello.TestProva" name="testIRC2" time="0.125" />
  <system-out><![CDATA[...Ciao Pietro!
...Canale creato!
...Canale gia' esistente! 
...Ciao Luca!
...Comando sconosciuto
...Canale non trovato 
...sei in Apple
[]
...sei in Apple
[]
...Canale non trovato
...Utente non autenticato
...Ciao Alberto!
...Utente non trovato
...sei in Apple
[]
(Alberto) Ehi! Ma quanti siamo oggi?
...Utente non abilitato 
...[Pietro, Luca, Alberto]
]]></system-out>
  <system-err><![CDATA[]]></system-err>
</testsuite>
